#! /c/Source/iverilog-install/bin/vvp
:ivl_version "12.0 (devel)" "(s20150603-1539-g2693dd32b)";
:ivl_delay_selection "TYPICAL";
:vpi_time_precision + 0;
:vpi_module "C:\iverilog\lib\ivl\system.vpi";
:vpi_module "C:\iverilog\lib\ivl\vhdl_sys.vpi";
:vpi_module "C:\iverilog\lib\ivl\vhdl_textio.vpi";
:vpi_module "C:\iverilog\lib\ivl\v2005_math.vpi";
:vpi_module "C:\iverilog\lib\ivl\va_math.vpi";
S_0000019f7e64bd70 .scope module, "alu" "alu" 2 1;
 .timescale 0 0;
    .port_info 0 /INPUT 8 "A";
    .port_info 1 /INPUT 8 "B";
    .port_info 2 /INPUT 4 "ALU_Sel";
    .port_info 3 /OUTPUT 8 "ALU_Out";
    .port_info 4 /OUTPUT 1 "CarryOut";
    .port_info 5 /OUTPUT 1 "Overflow";
    .port_info 6 /OUTPUT 1 "Zero";
    .port_info 7 /OUTPUT 1 "Negative";
o0000019f7e516fd8 .functor BUFZ 8, C4<zzzzzzzz>; HiZ drive
v0000019f7e4e3350_0 .net "A", 7 0, o0000019f7e516fd8;  0 drivers
v0000019f7e4e2bf0_0 .var "ALU_Out", 7 0;
o0000019f7e517038 .functor BUFZ 4, C4<zzzz>; HiZ drive
v0000019f7e648b00_0 .net "ALU_Sel", 3 0, o0000019f7e517038;  0 drivers
o0000019f7e517068 .functor BUFZ 8, C4<zzzzzzzz>; HiZ drive
v0000019f7e55b840_0 .net "B", 7 0, o0000019f7e517068;  0 drivers
v0000019f7e55b8e0_0 .var "CarryOut", 0 0;
v0000019f7e55b980_0 .net "Negative", 0 0, L_0000019f7e513d90;  1 drivers
v0000019f7e55ba20_0 .var "Overflow", 0 0;
v0000019f7e55bac0_0 .net "Zero", 0 0, L_0000019f7e513cf0;  1 drivers
L_0000019f7e55bc08 .functor BUFT 1, C4<00000000>, C4<0>, C4<0>, C4<0>;
v0000019f7e55bb60_0 .net/2u *"_ivl_0", 7 0, L_0000019f7e55bc08;  1 drivers
E_0000019f7e64c160 .event anyedge, v0000019f7e648b00_0, v0000019f7e4e3350_0, v0000019f7e55b840_0, v0000019f7e4e2bf0_0;
L_0000019f7e513cf0 .cmp/eq 8, v0000019f7e4e2bf0_0, L_0000019f7e55bc08;
L_0000019f7e513d90 .part v0000019f7e4e2bf0_0, 7, 1;
    .scope S_0000019f7e64bd70;
T_0 ;
    %wait E_0000019f7e64c160;
    %pushi/vec4 0, 0, 8;
    %store/vec4 v0000019f7e4e2bf0_0, 0, 8;
    %pushi/vec4 0, 0, 1;
    %store/vec4 v0000019f7e55b8e0_0, 0, 1;
    %pushi/vec4 0, 0, 1;
    %store/vec4 v0000019f7e55ba20_0, 0, 1;
    %load/vec4 v0000019f7e648b00_0;
    %dup/vec4;
    %pushi/vec4 0, 0, 4;
    %cmp/u;
    %jmp/1 T_0.0, 6;
    %pushi/vec4 0, 0, 8;
    %store/vec4 v0000019f7e4e2bf0_0, 0, 8;
    %jmp T_0.2;
T_0.0 ;
    %load/vec4 v0000019f7e4e3350_0;
    %pad/u 9;
    %load/vec4 v0000019f7e55b840_0;
    %pad/u 9;
    %add;
    %split/vec4 8;
    %store/vec4 v0000019f7e4e2bf0_0, 0, 8;
    %store/vec4 v0000019f7e55b8e0_0, 0, 1;
    %load/vec4 v0000019f7e4e3350_0;
    %parti/s 1, 7, 4;
    %load/vec4 v0000019f7e55b840_0;
    %parti/s 1, 7, 4;
    %xor;
    %inv;
    %load/vec4 v0000019f7e4e3350_0;
    %parti/s 1, 7, 4;
    %load/vec4 v0000019f7e4e2bf0_0;
    %parti/s 1, 7, 4;
    %xor;
    %and;
    %store/vec4 v0000019f7e55ba20_0, 0, 1;
    %jmp T_0.2;
T_0.2 ;
    %pop/vec4 1;
    %jmp T_0;
    .thread T_0, $push;
# The file index is used to find the file name in the following table.
:file_names 3;
    "N/A";
    "<interactive>";
    "src/alu.v";
